{"name": "Change profile name", "status": "broken", "statusDetails": {"message": "selenium.common.exceptions.TimeoutException: Message:", "trace": "self = <test_feature_profile.TestFeatureProfile object at 0x74b13359b680>\n\n    @allure.title(\"Change profile name\")\n    @allure.severity(\"Critical\")\n    @pytest.mark.smoke\n    def test_change_profile_name(self):\n        self.login_page.open()\n        self.login_page.enter_login(self.data.LOGIN)\n        self.login_page.enter_password(self.data.PASSWORD)\n        self.login_page.submit_button()\n>       self.dashboard_page.is_opened()\n\ntests/test_feature_profile.py:18: \n_ _ _ _ _ _ _ _ _ _ _ _ _ _ _ _ _ _ _ _ _ _ _ _ _ _ _ _ _ _ _ _ _ _ _ _ _ _ _ _ \nbase/base_page.py:18: in is_opened\n    self.wait.until(EC.url_to_be(self.PAGE_URL))\n_ _ _ _ _ _ _ _ _ _ _ _ _ _ _ _ _ _ _ _ _ _ _ _ _ _ _ _ _ _ _ _ _ _ _ _ _ _ _ _ \n\nself = <selenium.webdriver.support.wait.WebDriverWait (session=\"e07897d94976037ee489707794ec3528\")>\nmethod = <function url_to_be.<locals>._predicate at 0x74b1331f14e0>\nmessage = ''\n\n    def until(self, method: Callable[[D], Union[Literal[False], T]], message: str = \"\") -> T:\n        \"\"\"Wait until the method returns a value that is not False.\n    \n        Calls the method provided with the driver as an argument until the\n        return value does not evaluate to ``False``.\n    \n        Parameters:\n        -----------\n        method: callable(WebDriver)\n            - A callable object that takes a WebDriver instance as an argument.\n    \n        message: str\n            - Optional message for :exc:`TimeoutException`\n    \n        Return:\n        -------\n        object: T\n            - The result of the last call to `method`\n    \n        Raises:\n        -------\n        TimeoutException\n            - If 'method' does not return a truthy value within the WebDriverWait\n            object's timeout\n    \n        Example:\n        --------\n        >>> from selenium.webdriver.common.by import By\n        >>> from selenium.webdriver.support.ui import WebDriverWait\n        >>> from selenium.webdriver.support import expected_conditions as EC\n    \n        # Wait until an element is visible on the page\n        >>> wait = WebDriverWait(driver, 10)\n        >>> element = wait.until(EC.visibility_of_element_located((By.ID, \"exampleId\")))\n        >>> print(element.text)\n        \"\"\"\n        screen = None\n        stacktrace = None\n    \n        end_time = time.monotonic() + self._timeout\n        while True:\n            try:\n                value = method(self._driver)\n                if value:\n                    return value\n            except self._ignored_exceptions as exc:\n                screen = getattr(exc, \"screen\", None)\n                stacktrace = getattr(exc, \"stacktrace\", None)\n            if time.monotonic() > end_time:\n                break\n            time.sleep(self._poll)\n>       raise TimeoutException(message, screen, stacktrace)\nE       selenium.common.exceptions.TimeoutException: Message:\n\n../local/lib/python3.12/site-packages/selenium/webdriver/support/wait.py:146: TimeoutException"}, "steps": [{"name": "Open https://opensource-demo.orangehrmlive.com/web/index.php/auth/login page", "status": "passed", "start": 1747347743950, "stop": 1747347745621}, {"name": "Enter login", "status": "passed", "parameters": [{"name": "login", "value": "''"}], "start": 1747347745621, "stop": 1747347746817}, {"name": "Enter password", "status": "passed", "parameters": [{"name": "password", "value": "''"}], "start": 1747347746818, "stop": 1747347746864}, {"name": "Click submit button", "status": "passed", "start": 1747347746864, "stop": 1747347746914}, {"name": "Page https://opensource-demo.orangehrmlive.com/web/index.php/dashboard/index is opened", "status": "broken", "statusDetails": {"message": "selenium.common.exceptions.TimeoutException: Message: \n\n", "trace": "  File \"/usr/workspace/base/base_page.py\", line 18, in is_opened\n    self.wait.until(EC.url_to_be(self.PAGE_URL))\n  File \"/usr/local/lib/python3.12/site-packages/selenium/webdriver/support/wait.py\", line 146, in until\n    raise TimeoutException(message, screen, stacktrace)\n"}, "start": 1747347746914, "stop": 1747347795460}], "start": 1747347743950, "stop": 1747347795460, "uuid": "b48ef303-a112-4d84-82c4-38513b68e9ec", "historyId": "ff5b156a20853621532b185095b6758d", "testCaseId": "ff5b156a20853621532b185095b6758d", "fullName": "tests.test_feature_profile.TestFeatureProfile#test_change_profile_name", "labels": [{"name": "feature", "value": "Profile Functionality"}, {"name": "severity", "value": "Critical"}, {"name": "tag", "value": "smoke"}, {"name": "parentSuite", "value": "tests"}, {"name": "suite", "value": "test_feature_profile"}, {"name": "subSuite", "value": "TestFeatureProfile"}, {"name": "host", "value": "7e4dfb61d32b"}, {"name": "thread", "value": "1-MainThread"}, {"name": "framework", "value": "pytest"}, {"name": "language", "value": "cpython3"}, {"name": "package", "value": "tests.test_feature_profile"}]}